<?xml version="1.0" encoding="UTF-8"?>
<testng-results skipped="0" failed="0" ignored="0" total="1" passed="1">
  <reporter-output>
  </reporter-output>
  <suite name="Default suite" duration-ms="14735" started-at="2021-09-09T18:37:14 IST" finished-at="2021-09-09T18:37:29 IST">
    <groups>
    </groups>
    <test name="Default test" duration-ms="14735" started-at="2021-09-09T18:37:14 IST" finished-at="2021-09-09T18:37:29 IST">
      <class name="com.Xodim.Vendor.vendor_details">
        <test-method status="PASS" signature="openBrowser()[pri:0, instance:com.Xodim.Vendor.vendor_details@4bb4de6a]" name="openBrowser" is-config="true" duration-ms="3763" started-at="2021-09-09T18:37:14 IST" finished-at="2021-09-09T18:37:18 IST">
          <reporter-output>
          </reporter-output>
        </test-method> <!-- openBrowser -->
        <test-method status="PASS" signature="vendorDetails()[pri:0, instance:com.Xodim.Vendor.vendor_details@4bb4de6a]" name="vendorDetails" duration-ms="10082" started-at="2021-09-09T18:37:18 IST" finished-at="2021-09-09T18:37:28 IST">
          <reporter-output>
          </reporter-output>
        </test-method> <!-- vendorDetails -->
        <test-method status="PASS" signature="closeBrowser()[pri:0, instance:com.Xodim.Vendor.vendor_details@4bb4de6a]" name="closeBrowser" is-config="true" duration-ms="793" started-at="2021-09-09T18:37:28 IST" finished-at="2021-09-09T18:37:29 IST">
          <reporter-output>
          </reporter-output>
        </test-method> <!-- closeBrowser -->
      </class> <!-- com.Xodim.Vendor.vendor_details -->
    </test> <!-- Default test -->
  </suite> <!-- Default suite -->
</testng-results>
